<?xml version="1.0" encoding="UTF-8"?>
<testsuite name="automatiza registro en Demo Site" tests="1" skipped="0" failures="0" errors="0" timestamp="2020-06-18T18:54:45" hostname="USUARIO-PC" time="37.065">
  <properties/>
  <testcase name="automatizar Demo Site" classname="automatiza registro en Demo Site" time="37.065"/>
  <system-out><![CDATA[]]></system-out>
  <system-err><![CDATA[jun 18, 2020 1:54:46 PM org.openqa.selenium.remote.DesiredCapabilities chrome
INFORMACIÓN: Using `new ChromeOptions()` is preferred to `DesiredCapabilities.chrome()`
Starting ChromeDriver 83.0.4103.39 (ccbf011cb2d2b19b506d844400483861342c20cd-refs/branch-heads/4103@{#416}) on port 21011
Only local connections are allowed.
Please see https://chromedriver.chromium.org/security-considerations for suggestions on keeping ChromeDriver safe.
ChromeDriver was started successfully.
jun 18, 2020 1:54:51 PM org.openqa.selenium.remote.ProtocolHandshake createSession
INFORMACIÓN: Detected dialect: W3C
[Test worker] INFO net.serenitybdd.core.Serenity - 
        __    _____ _____ ____ _____   ____   _    ____  ____  _____ ____  
  _     \ \  |_   _| ____/ ___|_   _| |  _ \ / \  / ___|/ ___|| ____|  _ \ 
 (_)_____| |   | | |  _| \___ \ | |   | |_) / _ \ \___ \\___ \|  _| | | | |
  _|_____| |   | | | |___ ___) || |   |  __/ ___ \ ___) |___) | |___| |_| |
 (_)     | |   |_| |_____|____/ |_|   |_| /_/   \_\____/|____/|_____|____/ 
        /_/                                                                

TEST PASSED: automatizar Demo Site
----------------------------------------------------------------------------
]]></system-err>
</testsuite>
